{
  "RSpec": {
    "coverage": {
      "/Users/student/Projects/Makersbnb/spec/features/list_space_feature_spec.rb": [
        1,
        1,
        1,
        1,
        null,
        null,
        1,
        1,
        1,
        null,
        null,
        1,
        1,
        1,
        null,
        null,
        1,
        1,
        1,
        1,
        null,
        null,
        1,
        1,
        1,
        1,
        null,
        null
      ]
    },
    "timestamp": 1552323760
  }
}
